Connected succesfully to server.DB:meeting
[0mPOST /messages/recent [32m200 [0m51.955 ms - 2[0m
[0mPOST /messages/recent [32m200 [0m5.643 ms - 2[0m
[0mPOST /messages/recent [32m200 [0m2.756 ms - 2[0m
[0mPOST /messages/recent [32m200 [0m2.259 ms - 2[0m
[0mPOST /messages/recent [32m200 [0m2.276 ms - 2[0m
[0mPOST /messages/recent [32m200 [0m2.666 ms - 2[0m
[0mPOST /messages/recent [32m200 [0m2.449 ms - 2[0m
[0mPOST /messages/recent [32m200 [0m2.615 ms - 2[0m
[0mPOST /messages/recent [32m200 [0m2.367 ms - 2[0m
Port 3050 is already in use
[0mPOST /messages/recent [32m200 [0m16.968 ms - 2[0m
[0mGET / [36m304 [0m17.570 ms - -[0m
[0mGET /jqwidgets/styles/jqx.base.css [36m304 [0m2.329 ms - -[0m
[0mGET /jqwidgets/styles/jqx.bootstrap.css [36m304 [0m0.585 ms - -[0m
[0mGET /jqwidgets/styles/jqx.metro.css [36m304 [0m0.648 ms - -[0m
[0mGET /css/base.css [36m304 [0m0.510 ms - -[0m
[0mGET /scripts/jquery.min.js [36m304 [0m0.447 ms - -[0m
[0mGET /css/custom.css [36m304 [0m0.488 ms - -[0m
[0mGET /images/help.png [36m304 [0m0.376 ms - -[0m
[0mGET /jqwidgets/jqxcore.js [36m304 [0m0.354 ms - -[0m
[0mGET /jqwidgets/jqxdata.js [36m304 [0m0.354 ms - -[0m
[0mGET /jqwidgets/jqxbuttons.js [36m304 [0m2.051 ms - -[0m
[0mGET /jqwidgets/jqxscrollbar.js [36m304 [0m2.438 ms - -[0m
[0mGET /jqwidgets/jqxmenu.js [36m304 [0m2.629 ms - -[0m
[0mGET /jqwidgets/jqxlistbox.js [36m304 [0m2.642 ms - -[0m
[0mGET /jqwidgets/jqxdropdownlist.js [36m304 [0m2.884 ms - -[0m
[0mGET /jqwidgets/jqxtree.js [36m304 [0m3.148 ms - -[0m
[0mGET /jqwidgets/jqxgrid.js [36m304 [0m0.309 ms - -[0m
[0mGET /jqwidgets/jqxgrid.selection.js [36m304 [0m0.452 ms - -[0m
[0mGET /jqwidgets/jqxgrid.columnsresize.js [36m304 [0m0.461 ms - -[0m
[0mGET /jqwidgets/jqxgrid.filter.js [36m304 [0m0.368 ms - -[0m
[0mGET /jqwidgets/jqxgrid.sort.js [36m304 [0m0.995 ms - -[0m
[0mGET /jqwidgets/jqxgrid.pager.js [36m304 [0m0.940 ms - -[0m
[0mGET /jqwidgets/jqxgrid.grouping.js [36m304 [0m1.422 ms - -[0m
[0mGET /jqwidgets/jqxcheckbox.js [36m304 [0m1.169 ms - -[0m
[0mGET /jqwidgets/jqxradiobutton.js [36m304 [0m0.637 ms - -[0m
[0mGET /jqwidgets/jqxdatetimeinput.js [36m304 [0m0.768 ms - -[0m
[0mGET /jqwidgets/jqxtextarea.js [36m304 [0m0.366 ms - -[0m
[0mGET /jqwidgets/jqxcalendar.js [36m304 [0m0.409 ms - -[0m
[0mGET /jqwidgets/globalization/globalize.js [36m304 [0m0.360 ms - -[0m
[0mGET /jqwidgets/jqxpanel.js [36m304 [0m0.330 ms - -[0m
[0mGET /jqwidgets/jqxdropdownbutton.js [36m304 [0m1.393 ms - -[0m
[0mGET /jqwidgets/jqxcolorpicker.js [36m304 [0m1.428 ms - -[0m
[0mGET /jqwidgets/jqxwindow.js [36m304 [0m1.441 ms - -[0m
[0mGET /jqwidgets/jqxpopover.js [36m304 [0m0.722 ms - -[0m
[0mGET /jqwidgets/jqxeditor.js [36m304 [0m0.851 ms - -[0m
[0mGET /jqwidgets/jqxtooltip.js [36m304 [0m0.882 ms - -[0m
[0mGET /jqwidgets/jqxlayout.js [36m304 [0m1.172 ms - -[0m
[0mGET /jqwidgets/jqxribbon.js [36m304 [0m0.963 ms - -[0m
[0mGET /jqwidgets/jqxmaskedinput.js [36m304 [0m0.968 ms - -[0m
[0mGET /jqwidgets/jqxinput.js [36m304 [0m0.945 ms - -[0m
[0mGET /jqwidgets/jqxdatatable.js [36m304 [0m1.447 ms - -[0m
[0mGET /jqwidgets/jqxtreegrid.js [36m304 [0m1.792 ms - -[0m
[0mGET /jqwidgets/jqxfileupload.js [36m304 [0m0.641 ms - -[0m
[0mGET /scripts/index.js [36m304 [0m1.298 ms - -[0m
[0mGET /scripts/getdata.js [36m304 [0m0.938 ms - -[0m
[0mGET /scripts/msgframe.js [32m200 [0m5.585 ms - 6986[0m
[0mGET /scripts/members.js [36m304 [0m3.247 ms - -[0m
[0mGET /jqfileupload/vendor/jquery.ui.widget.js [36m304 [0m1.954 ms - -[0m
[0mGET /jqfileupload/jquery.iframe-transport.js [36m304 [0m1.333 ms - -[0m
[0mGET /jqfileupload/jquery.fileupload.js [36m304 [0m1.381 ms - -[0m
[0mGET /scripts/missions.js [32m200 [0m6.629 ms - 12636[0m
[0mPOST /members [32m200 [0m9.764 ms - 524[0m
[0mPOST /users [32m200 [0m8.001 ms - 473[0m
[0mGET /images/attachment6.png [36m304 [0m0.514 ms - -[0m
[0mGET /jqwidgets/styles/images/close.png [36m304 [0m1.036 ms - -[0m
[0mGET /jqwidgets/styles/images/metro-icon-up.png [36m304 [0m3.752 ms - -[0m
[0mGET /jqwidgets/styles/images/icon-up.png [36m304 [0m0.467 ms - -[0m
[0mGET /jqwidgets/styles/images/metro-icon-down.png [36m304 [0m0.986 ms - -[0m
[0mGET /jqwidgets/styles/images/metro-icon-left.png [36m304 [0m0.991 ms - -[0m
[0mGET /jqwidgets/styles/images/metro-icon-right.png [36m304 [0m1.009 ms - -[0m
[0mPOST /attachments [32m200 [0m5.217 ms - 199[0m
[0mGET /css/images/image_upload.png [36m304 [0m4.066 ms - -[0m
[0mGET /css/images/file_upload.png [36m304 [0m4.075 ms - -[0m
[0mGET /css/images/search_lg.png [36m304 [0m4.027 ms - -[0m
[0mPOST /rooms/attendrooms [32m200 [0m17.322 ms - 297[0m
[0mGET /jqwidgets/styles/images/loader.gif [36m304 [0m0.507 ms - -[0m
[0mGET /jqwidgets/styles/images/filter.png [36m304 [0m0.541 ms - -[0m
[0mGET /jqwidgets/styles/images/icon-down.png [36m304 [0m1.081 ms - -[0m
[0mGET /jqwidgets/styles/images/icon-left.png [36m304 [0m0.997 ms - -[0m
[0mGET /jqwidgets/styles/images/icon-right.png [36m304 [0m1.192 ms - -[0m
[0mGET /jqwidgets/styles/images/sortasc.png [36m304 [0m0.433 ms - -[0m
[0mGET /jqwidgets/styles/images/sortdesc.png [36m304 [0m0.532 ms - -[0m
[0mGET /jqwidgets/styles/images/sortremove.png [36m304 [0m0.550 ms - -[0m
[0mPOST /messages/recent [32m200 [0m1.986 ms - 2[0m
[0mGET /favicon.ico [33m404 [0m4.378 ms - 926[0m
[0mPOST /rooms/myrooms [32m200 [0m205.449 ms - 1819[0m
Port 3050 is already in use
[0mPOST /messages/recent [32m200 [0m12.335 ms - 2[0m
[0mPOST /messages [32m200 [0m4.966 ms - 4342[0m
[0mGET /images/head-portrait.png [36m304 [0m0.463 ms - -[0m
[0mPOST /messages/recent [32m200 [0m2.729 ms - 2[0m
[0mGET /jqwidgets/styles/jqx.base.css [36m304 [0m1.884 ms - -[0m
[0mGET /jqwidgets/styles/jqx.bootstrap.css [36m304 [0m1.912 ms - -[0m
[0mGET /jqwidgets/styles/jqx.metro.css [36m304 [0m1.906 ms - -[0m
[0mGET /css/base.css [36m304 [0m1.919 ms - -[0m
[0mGET /css/custom.css [36m304 [0m1.943 ms - -[0m
[0mGET /scripts/jquery.min.map [33m404 [0m1.941 ms - 926[0m
[0mPOST /messages/recent [32m200 [0m3.326 ms - 2[0m
[0mPOST /messages/recent [32m200 [0m2.785 ms - 2[0m
[0mPOST /messages/recent [32m200 [0m2.547 ms - 2[0m
[0mPOST /messages/recent [32m200 [0m4.804 ms - 2[0m
[0mPOST /messages/recent [32m200 [0m3.399 ms - 2[0m
[0mPOST /messages/recent [32m200 [0m5.537 ms - 2[0m
[0mGET / [36m304 [0m5.466 ms - -[0m
[0mGET /jqwidgets/styles/jqx.base.css [36m304 [0m0.471 ms - -[0m
[0mGET /jqwidgets/styles/jqx.bootstrap.css [36m304 [0m0.433 ms - -[0m
[0mGET /jqwidgets/styles/jqx.metro.css [36m304 [0m0.542 ms - -[0m
[0mGET /css/base.css [36m304 [0m0.422 ms - -[0m
[0mGET /scripts/jquery.min.js [36m304 [0m1.061 ms - -[0m
[0mGET /css/custom.css [36m304 [0m0.346 ms - -[0m
[0mGET /jqwidgets/jqxcore.js [36m304 [0m0.385 ms - -[0m
[0mGET /jqwidgets/jqxdata.js [36m304 [0m0.462 ms - -[0m
[0mGET /jqwidgets/jqxbuttons.js [36m304 [0m0.374 ms - -[0m
[0mGET /jqwidgets/jqxscrollbar.js [36m304 [0m0.412 ms - -[0m
[0mGET /jqwidgets/jqxmenu.js [36m304 [0m0.373 ms - -[0m
[0mGET /jqwidgets/jqxlistbox.js [36m304 [0m0.368 ms - -[0m
[0mGET /jqwidgets/jqxdropdownlist.js [36m304 [0m0.374 ms - -[0m
[0mGET /jqwidgets/jqxtree.js [36m304 [0m0.344 ms - -[0m
[0mGET /jqwidgets/jqxgrid.js [36m304 [0m0.456 ms - -[0m
[0mGET /jqwidgets/jqxgrid.selection.js [36m304 [0m0.343 ms - -[0m
[0mGET /jqwidgets/jqxgrid.columnsresize.js [36m304 [0m0.396 ms - -[0m
[0mGET /jqwidgets/jqxgrid.filter.js [36m304 [0m0.891 ms - -[0m
[0mGET /jqwidgets/jqxgrid.sort.js [36m304 [0m0.377 ms - -[0m
[0mGET /jqwidgets/jqxgrid.pager.js [36m304 [0m0.360 ms - -[0m
[0mGET /images/help.png [36m304 [0m0.381 ms - -[0m
[0mGET /jqwidgets/jqxgrid.grouping.js [36m304 [0m0.327 ms - -[0m
[0mGET /jqwidgets/jqxcheckbox.js [36m304 [0m0.365 ms - -[0m
[0mGET /jqwidgets/jqxradiobutton.js [36m304 [0m0.372 ms - -[0m
[0mGET /jqwidgets/jqxdatetimeinput.js [36m304 [0m0.339 ms - -[0m
[0mGET /jqwidgets/jqxtextarea.js [36m304 [0m2.488 ms - -[0m
[0mGET /jqwidgets/jqxcalendar.js [36m304 [0m2.525 ms - -[0m
[0mGET /jqwidgets/globalization/globalize.js [36m304 [0m1.210 ms - -[0m
[0mGET /jqwidgets/jqxpanel.js [36m304 [0m2.356 ms - -[0m
[0mGET /jqwidgets/jqxdropdownbutton.js [36m304 [0m6.334 ms - -[0m
[0mGET /jqwidgets/jqxcolorpicker.js [36m304 [0m6.391 ms - -[0m
[0mGET /jqwidgets/jqxwindow.js [36m304 [0m6.282 ms - -[0m
[0mGET /jqwidgets/jqxpopover.js [36m304 [0m1.287 ms - -[0m
[0mGET /jqwidgets/jqxeditor.js [36m304 [0m0.909 ms - -[0m
[0mGET /jqwidgets/jqxtooltip.js [36m304 [0m0.342 ms - -[0m
[0mGET /jqwidgets/jqxlayout.js [36m304 [0m0.343 ms - -[0m
[0mGET /jqwidgets/jqxribbon.js [36m304 [0m0.413 ms - -[0m
[0mGET /jqwidgets/jqxmaskedinput.js [36m304 [0m0.413 ms - -[0m
[0mGET /jqwidgets/jqxinput.js [36m304 [0m0.413 ms - -[0m
[0mGET /jqwidgets/jqxdatatable.js [36m304 [0m0.408 ms - -[0m
[0mGET /jqwidgets/jqxtreegrid.js [36m304 [0m0.405 ms - -[0m
[0mGET /jqwidgets/jqxfileupload.js [36m304 [0m0.428 ms - -[0m
[0mGET /scripts/index.js [36m304 [0m0.361 ms - -[0m
[0mGET /scripts/getdata.js [36m304 [0m0.428 ms - -[0m
[0mGET /scripts/msgframe.js [36m304 [0m0.374 ms - -[0m
[0mGET /scripts/members.js [36m304 [0m0.623 ms - -[0m
[0mGET /scripts/missions.js [36m304 [0m0.450 ms - -[0m
[0mGET /jqfileupload/vendor/jquery.ui.widget.js [36m304 [0m0.611 ms - -[0m
[0mGET /jqfileupload/jquery.iframe-transport.js [36m304 [0m0.397 ms - -[0m
[0mGET /jqfileupload/jquery.fileupload.js [36m304 [0m0.340 ms - -[0m
[0mPOST /members [32m200 [0m2.458 ms - 524[0m
[0mPOST /users [32m200 [0m1.824 ms - 473[0m
[0mGET /jqwidgets/styles/images/close.png [36m304 [0m0.407 ms - -[0m
[0mGET /jqwidgets/styles/images/icon-up.png [36m304 [0m0.415 ms - -[0m
[0mPOST /rooms/myrooms [32m200 [0m2.449 ms - 1819[0m
[0mPOST /rooms/attendrooms [32m200 [0m3.158 ms - 297[0m
[0mPOST /attachments [32m200 [0m1.544 ms - 199[0m
[0mGET /css/images/image_upload.png [36m304 [0m0.969 ms - -[0m
[0mGET /css/images/file_upload.png [36m304 [0m1.647 ms - -[0m
[0mGET /css/images/search_lg.png [36m304 [0m0.668 ms - -[0m
[0mGET /jqwidgets/styles/images/loader.gif [36m304 [0m1.068 ms - -[0m
[0mGET /jqwidgets/styles/images/filter.png [36m304 [0m0.402 ms - -[0m
[0mGET /jqwidgets/styles/images/icon-down.png [36m304 [0m2.065 ms - -[0m
[0mGET /jqwidgets/styles/images/icon-left.png [36m304 [0m0.388 ms - -[0m
[0mGET /jqwidgets/styles/images/icon-right.png [36m304 [0m0.369 ms - -[0m
[0mGET /jqwidgets/styles/images/sortasc.png [36m304 [0m0.424 ms - -[0m
[0mGET /jqwidgets/styles/images/sortdesc.png [36m304 [0m0.409 ms - -[0m
[0mGET /jqwidgets/styles/images/sortremove.png [36m304 [0m0.418 ms - -[0m
[0mPOST /messages/recent [32m200 [0m2.993 ms - 2[0m
[0mPOST /messages/recent [32m200 [0m3.463 ms - 2[0m
[0mPOST /messages/recent [32m200 [0m2.304 ms - 2[0m
[0mPOST /messages [32m200 [0m2.895 ms - 4342[0m
[0mPOST /messages/recent [32m200 [0m2.135 ms - 2[0m
[0mPOST /messages/recent [32m200 [0m5.558 ms - 2[0m
[0mPOST /messages/recent [32m200 [0m2.146 ms - 2[0m
[0mGET / [36m304 [0m3.226 ms - -[0m
[0mGET /jqwidgets/styles/jqx.base.css [36m304 [0m0.653 ms - -[0m
[0mGET /jqwidgets/styles/jqx.bootstrap.css [36m304 [0m0.621 ms - -[0m
[0mGET /jqwidgets/styles/jqx.metro.css [36m304 [0m0.684 ms - -[0m
[0mGET /css/base.css [36m304 [0m7.149 ms - -[0m
[0mGET /scripts/jquery.min.js [36m304 [0m0.532 ms - -[0m
[0mGET /css/custom.css [36m304 [0m0.521 ms - -[0m
[0mGET /jqwidgets/jqxcore.js [36m304 [0m0.456 ms - -[0m
[0mGET /jqwidgets/jqxdata.js [36m304 [0m0.323 ms - -[0m
[0mGET /jqwidgets/jqxbuttons.js [36m304 [0m0.512 ms - -[0m
[0mGET /jqwidgets/jqxscrollbar.js [36m304 [0m0.351 ms - -[0m
[0mGET /jqwidgets/jqxmenu.js [36m304 [0m0.502 ms - -[0m
[0mGET /jqwidgets/jqxlistbox.js [36m304 [0m0.286 ms - -[0m
[0mGET /jqwidgets/jqxdropdownlist.js [36m304 [0m0.366 ms - -[0m
[0mPOST /messages/recent [32m200 [0m2.460 ms - 2[0m
[0mGET /jqwidgets/jqxtree.js [36m304 [0m0.374 ms - -[0m
[0mGET /jqwidgets/jqxgrid.js [36m304 [0m0.288 ms - -[0m
[0mGET /jqwidgets/jqxgrid.selection.js [36m304 [0m0.290 ms - -[0m
[0mGET /jqwidgets/jqxgrid.columnsresize.js [36m304 [0m0.897 ms - -[0m
[0mGET /jqwidgets/jqxgrid.filter.js [36m304 [0m1.239 ms - -[0m
[0mGET /jqwidgets/jqxgrid.sort.js [36m304 [0m0.261 ms - -[0m
[0mGET /jqwidgets/jqxgrid.pager.js [36m304 [0m0.431 ms - -[0m
[0mGET /jqwidgets/jqxgrid.grouping.js [36m304 [0m0.302 ms - -[0m
[0mGET /jqwidgets/jqxcheckbox.js [36m304 [0m0.430 ms - -[0m
[0mGET /jqwidgets/jqxradiobutton.js [36m304 [0m0.445 ms - -[0m
[0mGET /jqwidgets/jqxdatetimeinput.js [36m304 [0m0.551 ms - -[0m
[0mGET /jqwidgets/jqxtextarea.js [36m304 [0m1.393 ms - -[0m
[0mGET /jqwidgets/jqxcalendar.js [36m304 [0m1.384 ms - -[0m
[0mGET /jqwidgets/globalization/globalize.js [36m304 [0m1.240 ms - -[0m
[0mGET /jqwidgets/jqxpanel.js [36m304 [0m1.725 ms - -[0m
[0mGET /jqwidgets/jqxdropdownbutton.js [36m304 [0m0.603 ms - -[0m
[0mGET /jqwidgets/jqxcolorpicker.js [36m304 [0m0.763 ms - -[0m
[0mGET /scripts/jquery.min.map [33m404 [0m7.352 ms - 926[0m
[0mGET /jqwidgets/jqxwindow.js [36m304 [0m1.602 ms - -[0m
[0mGET /jqwidgets/jqxpopover.js [36m304 [0m1.534 ms - -[0m
[0mGET /jqwidgets/jqxeditor.js [36m304 [0m1.677 ms - -[0m
[0mGET /jqwidgets/jqxtooltip.js [36m304 [0m1.594 ms - -[0m
[0mGET /jqwidgets/jqxlayout.js [36m304 [0m1.923 ms - -[0m
[0mGET /jqwidgets/jqxribbon.js [36m304 [0m0.532 ms - -[0m
[0mGET /jqwidgets/jqxmaskedinput.js [36m304 [0m0.635 ms - -[0m
[0mGET /jqwidgets/jqxinput.js [36m304 [0m0.542 ms - -[0m
[0mGET /jqwidgets/jqxdatatable.js [36m304 [0m0.358 ms - -[0m
[0mGET /jqwidgets/jqxtreegrid.js [36m304 [0m0.668 ms - -[0m
[0mGET /jqwidgets/jqxfileupload.js [36m304 [0m0.682 ms - -[0m
[0mGET /scripts/index.js [36m304 [0m1.989 ms - -[0m
[0mGET /scripts/getdata.js [36m304 [0m1.981 ms - -[0m
[0mGET /scripts/msgframe.js [36m304 [0m1.810 ms - -[0m
[0mGET /scripts/members.js [36m304 [0m1.792 ms - -[0m
[0mGET /scripts/missions.js [36m304 [0m1.768 ms - -[0m
[0mGET /jqfileupload/vendor/jquery.ui.widget.js [36m304 [0m2.414 ms - -[0m
[0mGET /jqfileupload/jquery.iframe-transport.js [36m304 [0m0.278 ms - -[0m
[0mGET /jqfileupload/jquery.fileupload.js [36m304 [0m0.386 ms - -[0m
[0mGET /images/help.png [36m304 [0m0.302 ms - -[0m
[0mPOST /members [32m200 [0m2.610 ms - 524[0m
[0mPOST /users [32m200 [0m2.154 ms - 473[0m
[0mGET /css/images/image_upload.png [36m304 [0m0.493 ms - -[0m
[0mGET /css/images/file_upload.png [36m304 [0m0.505 ms - -[0m
[0mGET /jqwidgets/styles/images/close.png [36m304 [0m0.377 ms - -[0m
[0mGET /jqwidgets/styles/images/icon-up.png [36m304 [0m0.578 ms - -[0m
[0mGET /css/images/search_lg.png [36m304 [0m0.493 ms - -[0m
[0mPOST /rooms/myrooms [32m200 [0m4.256 ms - 1819[0m
[0mPOST /rooms/attendrooms [32m200 [0m5.112 ms - 297[0m
[0mGET /jqwidgets/styles/images/loader.gif [36m304 [0m0.680 ms - -[0m
[0mGET /jqwidgets/styles/images/filter.png [36m304 [0m0.353 ms - -[0m
[0mGET /jqwidgets/styles/images/sortasc.png [36m304 [0m1.253 ms - -[0m
[0mGET /jqwidgets/styles/images/sortdesc.png [36m304 [0m1.040 ms - -[0m
[0mGET /jqwidgets/styles/images/sortremove.png [36m304 [0m1.224 ms - -[0m
[0mPOST /attachments [32m200 [0m202.212 ms - 199[0m
[0mGET /jqwidgets/styles/images/icon-down.png [36m304 [0m0.792 ms - -[0m
[0mGET /jqwidgets/styles/images/icon-left.png [36m304 [0m1.127 ms - -[0m
[0mGET /jqwidgets/styles/images/icon-right.png [36m304 [0m0.599 ms - -[0m
[0mPOST /messages/recent [32m200 [0m2.482 ms - 2[0m
[0mPOST /messages/recent [32m200 [0m2.926 ms - 2[0m
[0mPOST /messages/recent [32m200 [0m4.135 ms - 2[0m
[0mPOST /messages [32m200 [0m4.766 ms - 4342[0m
module.js:442
    throw err;
    ^

Error: Cannot find module '/home/ewall/MissionRoom/bin/www.js'
    at Function.Module._resolveFilename (module.js:440:15)
    at Function.Module._load (module.js:388:25)
    at Module.runMain (module.js:575:10)
    at run (bootstrap_node.js:352:7)
    at startup (bootstrap_node.js:144:9)
    at bootstrap_node.js:467:3
module.js:442
    throw err;
    ^

Error: Cannot find module '/home/ewall/MissionRoom/bin/www.js'
    at Function.Module._resolveFilename (module.js:440:15)
    at Function.Module._load (module.js:388:25)
    at Module.runMain (module.js:575:10)
    at run (bootstrap_node.js:352:7)
    at startup (bootstrap_node.js:144:9)
    at bootstrap_node.js:467:3
module.js:442
    throw err;
    ^

Error: Cannot find module '/home/ewall/MissionRoom/bin/www.js'
    at Function.Module._resolveFilename (module.js:440:15)
    at Function.Module._load (module.js:388:25)
    at Module.runMain (module.js:575:10)
    at run (bootstrap_node.js:352:7)
    at startup (bootstrap_node.js:144:9)
    at bootstrap_node.js:467:3
module.js:442
    throw err;
    ^

Error: Cannot find module '/home/ewall/MissionRoom/bin/www.js'
    at Function.Module._resolveFilename (module.js:440:15)
    at Function.Module._load (module.js:388:25)
    at Module.runMain (module.js:575:10)
    at run (bootstrap_node.js:352:7)
    at startup (bootstrap_node.js:144:9)
    at bootstrap_node.js:467:3
Connected succesfully to server.DB:meeting
[0mPOST /messages/recent [32m200 [0m51.612 ms - 2[0m
[0mPOST /messages/recent [32m200 [0m6.177 ms - 2[0m
[0mGET / [36m304 [0m17.657 ms - -[0m
[0mGET /jqwidgets/styles/jqx.base.css [36m304 [0m2.887 ms - -[0m
[0mGET /jqwidgets/styles/jqx.bootstrap.css [36m304 [0m1.059 ms - -[0m
[0mGET /jqwidgets/styles/jqx.metro.css [36m304 [0m1.035 ms - -[0m
[0mGET /css/base.css [36m304 [0m0.402 ms - -[0m
[0mGET /scripts/jquery.min.js [36m304 [0m0.408 ms - -[0m
[0mGET /css/custom.css [36m304 [0m0.389 ms - -[0m
[0mGET /jqwidgets/jqxcore.js [36m304 [0m0.383 ms - -[0m
[0mGET /jqwidgets/jqxdata.js [36m304 [0m0.437 ms - -[0m
[0mGET /jqwidgets/jqxbuttons.js [36m304 [0m0.378 ms - -[0m
[0mGET /jqwidgets/jqxscrollbar.js [36m304 [0m0.759 ms - -[0m
[0mGET /jqwidgets/jqxmenu.js [36m304 [0m0.406 ms - -[0m
[0mGET /jqwidgets/jqxlistbox.js [36m304 [0m0.521 ms - -[0m
[0mGET /jqwidgets/jqxdropdownlist.js [36m304 [0m1.150 ms - -[0m
[0mGET /jqwidgets/jqxtree.js [36m304 [0m0.399 ms - -[0m
[0mGET /jqwidgets/jqxgrid.js [36m304 [0m0.387 ms - -[0m
[0mGET /jqwidgets/jqxgrid.selection.js [36m304 [0m0.519 ms - -[0m
[0mGET /jqwidgets/jqxgrid.columnsresize.js [36m304 [0m0.383 ms - -[0m
[0mGET /jqwidgets/jqxgrid.filter.js [36m304 [0m0.390 ms - -[0m
[0mGET /jqwidgets/jqxgrid.sort.js [36m304 [0m0.378 ms - -[0m
[0mGET /jqwidgets/jqxgrid.pager.js [36m304 [0m0.381 ms - -[0m
[0mGET /jqwidgets/jqxgrid.grouping.js [36m304 [0m0.379 ms - -[0m
[0mGET /jqwidgets/jqxcheckbox.js [36m304 [0m0.383 ms - -[0m
[0mGET /jqwidgets/jqxradiobutton.js [36m304 [0m0.379 ms - -[0m
[0mGET /jqwidgets/jqxdatetimeinput.js [36m304 [0m0.378 ms - -[0m
[0mGET /jqwidgets/jqxtextarea.js [36m304 [0m0.383 ms - -[0m
[0mGET /jqwidgets/jqxcalendar.js [36m304 [0m0.393 ms - -[0m
[0mGET /jqwidgets/globalization/globalize.js [36m304 [0m0.420 ms - -[0m
[0mGET /jqwidgets/jqxpanel.js [36m304 [0m0.380 ms - -[0m
[0mGET /jqwidgets/jqxdropdownbutton.js [36m304 [0m0.510 ms - -[0m
[0mGET /jqwidgets/jqxcolorpicker.js [36m304 [0m0.801 ms - -[0m
[0mGET /jqwidgets/jqxwindow.js [36m304 [0m0.370 ms - -[0m
[0mGET /jqwidgets/jqxpopover.js [36m304 [0m1.334 ms - -[0m
[0mGET /jqwidgets/jqxeditor.js [36m304 [0m0.408 ms - -[0m
[0mGET /jqwidgets/jqxtooltip.js [36m304 [0m0.377 ms - -[0m
[0mGET /jqwidgets/jqxlayout.js [36m304 [0m0.371 ms - -[0m
[0mGET /jqwidgets/jqxribbon.js [36m304 [0m0.652 ms - -[0m
[0mGET /jqwidgets/jqxmaskedinput.js [36m304 [0m0.420 ms - -[0m
[0mGET /jqwidgets/jqxinput.js [36m304 [0m0.398 ms - -[0m
[0mGET /jqwidgets/jqxdatatable.js [36m304 [0m1.235 ms - -[0m
[0mGET /jqwidgets/jqxtreegrid.js [36m304 [0m0.920 ms - -[0m
[0mGET /jqwidgets/jqxfileupload.js [36m304 [0m0.837 ms - -[0m
[0mGET /scripts/index.js [36m304 [0m0.384 ms - -[0m
[0mGET /scripts/getdata.js [36m304 [0m0.367 ms - -[0m
[0mGET /scripts/msgframe.js [36m304 [0m0.375 ms - -[0m
[0mGET /scripts/members.js [36m304 [0m0.371 ms - -[0m
[0mGET /scripts/missions.js [36m304 [0m0.400 ms - -[0m
[0mGET /jqfileupload/vendor/jquery.ui.widget.js [36m304 [0m0.357 ms - -[0m
[0mGET /jqfileupload/jquery.iframe-transport.js [36m304 [0m0.411 ms - -[0m
[0mGET /jqfileupload/jquery.fileupload.js [36m304 [0m0.362 ms - -[0m
[0mGET /images/help.png [36m304 [0m0.417 ms - -[0m
[0mPOST /members [32m200 [0m9.727 ms - 524[0m
[0mPOST /users [32m200 [0m7.473 ms - 473[0m
[0mGET /css/images/image_upload.png [36m304 [0m0.490 ms - -[0m
[0mGET /css/images/file_upload.png [36m304 [0m0.389 ms - -[0m
[0mGET /css/images/search_lg.png [36m304 [0m0.401 ms - -[0m
[0mPOST /rooms/myrooms [32m200 [0m204.411 ms - 1019[0m
[0mPOST /rooms/attendrooms [32m200 [0m16.352 ms - 90[0m
[0mPOST /attachments [32m200 [0m2.790 ms - 199[0m
[0mPOST /messages/recent [32m200 [0m2.204 ms - 2[0m
[0mPOST /messages [32m200 [0m4.110 ms - 3536[0m
[0mPOST /messages/recent [32m200 [0m2.554 ms - 2[0m
[0mPOST /messages/recent [32m200 [0m2.026 ms - 2[0m
[0mPOST /messages/recent [32m200 [0m4.394 ms - 2[0m
[0mPOST /messages/recent [32m200 [0m3.858 ms - 2[0m
[0mPOST /messages/recent [32m200 [0m2.164 ms - 2[0m
[0mPOST /messages/recent [32m200 [0m2.107 ms - 2[0m
[0mPOST /messages/recent [32m200 [0m2.164 ms - 2[0m
[0mPOST /messages/recent [32m200 [0m2.538 ms - 2[0m
[0mPOST /messages/recent [32m200 [0m2.151 ms - 2[0m
[0mPOST /messages/recent [32m200 [0m2.647 ms - 2[0m
[0mPOST /messages/recent [32m200 [0m3.173 ms - 2[0m
[0mPOST /messages/recent [32m200 [0m2.406 ms - 2[0m
Begin connect server return promise.
Connected succesfully to server.DB:meeting
Connected succesfully to server.DB:meeting
[0mPOST /messages/recent [32m200 [0m262.398 ms - 2[0m
[0mPOST /messages/recent [32m200 [0m6.101 ms - 2[0m
[0mPOST /messages/recent [32m200 [0m2.957 ms - 2[0m
[0mGET / [36m304 [0m16.697 ms - -[0m
[0mGET /jqwidgets/styles/jqx.base.css [36m304 [0m2.813 ms - -[0m
[0mGET /jqwidgets/styles/jqx.bootstrap.css [36m304 [0m0.611 ms - -[0m
[0mGET /jqwidgets/styles/jqx.metro.css [36m304 [0m0.402 ms - -[0m
[0mGET /css/base.css [36m304 [0m0.622 ms - -[0m
[0mGET /css/custom.css [36m304 [0m0.391 ms - -[0m
[0mGET /scripts/jquery.min.js [36m304 [0m0.398 ms - -[0m
[0mGET /jqwidgets/jqxcore.js [36m304 [0m0.390 ms - -[0m
[0mGET /jqwidgets/jqxdata.js [36m304 [0m0.611 ms - -[0m
[0mGET /jqwidgets/jqxbuttons.js [36m304 [0m1.310 ms - -[0m
[0mGET /jqwidgets/jqxscrollbar.js [36m304 [0m0.553 ms - -[0m
[0mGET /jqwidgets/jqxmenu.js [36m304 [0m0.407 ms - -[0m
[0mGET /jqwidgets/jqxlistbox.js [36m304 [0m0.380 ms - -[0m
[0mGET /jqwidgets/jqxdropdownlist.js [36m304 [0m0.381 ms - -[0m
[0mGET /jqwidgets/jqxtree.js [36m304 [0m0.618 ms - -[0m
[0mGET /jqwidgets/jqxgrid.js [36m304 [0m0.466 ms - -[0m
[0mGET /jqwidgets/jqxgrid.selection.js [36m304 [0m0.389 ms - -[0m
[0mGET /jqwidgets/jqxgrid.columnsresize.js [36m304 [0m0.460 ms - -[0m
[0mGET /jqwidgets/jqxgrid.filter.js [36m304 [0m0.391 ms - -[0m
[0mGET /jqwidgets/jqxgrid.sort.js [36m304 [0m0.545 ms - -[0m
[0mGET /jqwidgets/jqxgrid.pager.js [36m304 [0m0.514 ms - -[0m
[0mGET /jqwidgets/jqxgrid.grouping.js [36m304 [0m0.380 ms - -[0m
[0mGET /jqwidgets/jqxcheckbox.js [36m304 [0m0.374 ms - -[0m
[0mGET /jqwidgets/jqxradiobutton.js [36m304 [0m0.373 ms - -[0m
[0mGET /jqwidgets/jqxdatetimeinput.js [36m304 [0m0.306 ms - -[0m
[0mGET /jqwidgets/jqxtextarea.js [36m304 [0m0.465 ms - -[0m
[0mGET /jqwidgets/jqxcalendar.js [36m304 [0m0.667 ms - -[0m
[0mGET /jqwidgets/globalization/globalize.js [36m304 [0m0.338 ms - -[0m
[0mGET /jqwidgets/jqxpanel.js [36m304 [0m0.373 ms - -[0m
[0mGET /jqwidgets/jqxdropdownbutton.js [36m304 [0m0.720 ms - -[0m
[0mGET /jqwidgets/jqxcolorpicker.js [36m304 [0m0.718 ms - -[0m
[0mGET /jqwidgets/jqxwindow.js [36m304 [0m0.407 ms - -[0m
[0mGET /jqwidgets/jqxpopover.js [36m304 [0m1.260 ms - -[0m
[0mGET /jqwidgets/jqxeditor.js [36m304 [0m0.438 ms - -[0m
[0mGET /jqwidgets/jqxtooltip.js [36m304 [0m0.677 ms - -[0m
[0mGET /jqwidgets/jqxlayout.js [36m304 [0m0.373 ms - -[0m
[0mGET /jqwidgets/jqxribbon.js [36m304 [0m0.373 ms - -[0m
[0mGET /jqwidgets/jqxmaskedinput.js [36m304 [0m0.300 ms - -[0m
[0mGET /jqwidgets/jqxinput.js [36m304 [0m0.381 ms - -[0m
[0mGET /jqwidgets/jqxdatatable.js [36m304 [0m0.387 ms - -[0m
[0mGET /jqwidgets/jqxtreegrid.js [36m304 [0m0.588 ms - -[0m
[0mGET /jqwidgets/jqxfileupload.js [36m304 [0m0.376 ms - -[0m
[0mGET /scripts/index.js [36m304 [0m0.372 ms - -[0m
[0mGET /scripts/getdata.js [36m304 [0m0.636 ms - -[0m
[0mGET /scripts/msgframe.js [36m304 [0m0.369 ms - -[0m
[0mGET /scripts/members.js [36m304 [0m0.371 ms - -[0m
[0mGET /scripts/missions.js [36m304 [0m0.304 ms - -[0m
[0mGET /jqfileupload/vendor/jquery.ui.widget.js [36m304 [0m0.305 ms - -[0m
[0mGET /jqfileupload/jquery.iframe-transport.js [36m304 [0m0.370 ms - -[0m
[0mGET /jqfileupload/jquery.fileupload.js [36m304 [0m0.378 ms - -[0m
[0mGET /images/help.png [36m304 [0m0.375 ms - -[0m
[0mPOST /members [32m200 [0m8.930 ms - 524[0m
[0mPOST /users [32m200 [0m5.690 ms - 473[0m
[0mGET /css/images/image_upload.png [36m304 [0m0.474 ms - -[0m
[0mGET /css/images/file_upload.png [36m304 [0m0.376 ms - -[0m
[0mGET /css/images/search_lg.png [36m304 [0m0.823 ms - -[0m
[0mPOST /rooms/myrooms [32m200 [0m202.505 ms - 1019[0m
[0mPOST /rooms/attendrooms [32m200 [0m13.856 ms - 90[0m
[0mPOST /attachments [32m200 [0m10.289 ms - 199[0m
[0mGET / [36m304 [0m4.495 ms - -[0m
[0mGET /jqwidgets/styles/jqx.base.css [36m304 [0m0.520 ms - -[0m
[0mGET /jqwidgets/styles/jqx.bootstrap.css [36m304 [0m0.387 ms - -[0m
[0mGET /jqwidgets/styles/jqx.metro.css [36m304 [0m2.483 ms - -[0m
[0mGET /css/base.css [36m304 [0m0.546 ms - -[0m
[0mGET /scripts/jquery.min.js [36m304 [0m0.529 ms - -[0m
[0mGET /css/custom.css [36m304 [0m0.402 ms - -[0m
[0mGET /jqwidgets/jqxcore.js [36m304 [0m0.374 ms - -[0m
[0mGET /jqwidgets/jqxdata.js [36m304 [0m0.361 ms - -[0m
[0mGET /jqwidgets/jqxbuttons.js [36m304 [0m0.415 ms - -[0m
[0mGET /jqwidgets/jqxscrollbar.js [36m304 [0m0.398 ms - -[0m
[0mGET /jqwidgets/jqxmenu.js [36m304 [0m0.422 ms - -[0m
[0mGET /jqwidgets/jqxlistbox.js [36m304 [0m0.372 ms - -[0m
[0mGET /jqwidgets/jqxdropdownlist.js [36m304 [0m0.395 ms - -[0m
[0mGET /jqwidgets/jqxtree.js [36m304 [0m0.355 ms - -[0m
[0mGET /jqwidgets/jqxgrid.js [36m304 [0m0.385 ms - -[0m
[0mGET /jqwidgets/jqxgrid.selection.js [36m304 [0m0.367 ms - -[0m
[0mGET /jqwidgets/jqxgrid.columnsresize.js [36m304 [0m0.401 ms - -[0m
[0mGET /jqwidgets/jqxgrid.filter.js [36m304 [0m1.654 ms - -[0m
[0mGET /jqwidgets/jqxgrid.sort.js [36m304 [0m0.483 ms - -[0m
[0mGET /jqwidgets/jqxgrid.pager.js [36m304 [0m0.360 ms - -[0m
[0mGET /jqwidgets/jqxgrid.grouping.js [36m304 [0m0.363 ms - -[0m
[0mGET /jqwidgets/jqxcheckbox.js [36m304 [0m0.363 ms - -[0m
[0mGET /jqwidgets/jqxradiobutton.js [36m304 [0m0.358 ms - -[0m
[0mGET /jqwidgets/jqxdatetimeinput.js [36m304 [0m0.367 ms - -[0m
[0mGET /jqwidgets/jqxtextarea.js [36m304 [0m0.365 ms - -[0m
[0mGET /jqwidgets/jqxcalendar.js [36m304 [0m0.367 ms - -[0m
[0mGET /jqwidgets/globalization/globalize.js [36m304 [0m0.366 ms - -[0m
[0mGET /jqwidgets/jqxpanel.js [36m304 [0m0.365 ms - -[0m
[0mGET /jqwidgets/jqxdropdownbutton.js [36m304 [0m0.324 ms - -[0m
[0mGET /jqwidgets/jqxcolorpicker.js [36m304 [0m0.350 ms - -[0m
[0mGET /jqwidgets/jqxwindow.js [36m304 [0m0.367 ms - -[0m
[0mGET /jqwidgets/jqxpopover.js [36m304 [0m1.731 ms - -[0m
[0mPOST /messages/recent [32m200 [0m2.137 ms - 2[0m
[0mGET /jqwidgets/jqxeditor.js [36m304 [0m0.378 ms - -[0m
[0mGET /jqwidgets/jqxtooltip.js [36m304 [0m0.394 ms - -[0m
[0mGET /jqwidgets/jqxlayout.js [36m304 [0m0.369 ms - -[0m
[0mGET /jqwidgets/jqxribbon.js [36m304 [0m0.374 ms - -[0m
[0mGET /jqwidgets/jqxmaskedinput.js [36m304 [0m0.722 ms - -[0m
[0mGET /jqwidgets/jqxinput.js [36m304 [0m0.305 ms - -[0m
[0mGET /jqwidgets/jqxdatatable.js [36m304 [0m0.366 ms - -[0m
[0mGET /jqwidgets/jqxtreegrid.js [36m304 [0m0.360 ms - -[0m
[0mGET /jqwidgets/jqxfileupload.js [36m304 [0m0.364 ms - -[0m
[0mGET /scripts/index.js [36m304 [0m0.862 ms - -[0m
[0mGET /scripts/getdata.js [36m304 [0m0.422 ms - -[0m
[0mGET /scripts/msgframe.js [36m304 [0m0.668 ms - -[0m
[0mGET /scripts/members.js [36m304 [0m0.372 ms - -[0m
[0mGET /scripts/missions.js [36m304 [0m0.369 ms - -[0m
[0mGET /jqfileupload/vendor/jquery.ui.widget.js [36m304 [0m0.331 ms - -[0m
[0mGET /jqfileupload/jquery.iframe-transport.js [36m304 [0m0.448 ms - -[0m
[0mGET /jqfileupload/jquery.fileupload.js [36m304 [0m1.731 ms - -[0m
[0mGET /images/help.png [36m304 [0m0.382 ms - -[0m
[0mPOST /members [32m200 [0m2.080 ms - 524[0m
[0mPOST /users [32m200 [0m1.712 ms - 473[0m
[0mGET /css/images/image_upload.png [36m304 [0m0.512 ms - -[0m
[0mGET /css/images/file_upload.png [36m304 [0m0.345 ms - -[0m
[0mPOST /rooms/myrooms [32m200 [0m4.280 ms - 1019[0m
[0mPOST /rooms/attendrooms [32m200 [0m5.071 ms - 90[0m
[0mPOST /attachments [32m200 [0m2.675 ms - 199[0m
[0mGET /css/images/search_lg.png [36m304 [0m0.651 ms - -[0m
[0mPOST /messages/recent [32m200 [0m2.229 ms - 2[0m
[0mPOST /messages [32m200 [0m4.171 ms - 3536[0m
[0mGET / [36m304 [0m3.719 ms - -[0m
[0mGET /jqwidgets/styles/jqx.base.css [36m304 [0m0.403 ms - -[0m
[0mGET /jqwidgets/styles/jqx.bootstrap.css [36m304 [0m1.278 ms - -[0m
[0mGET /jqwidgets/styles/jqx.metro.css [36m304 [0m1.124 ms - -[0m
[0mGET /css/base.css [36m304 [0m0.474 ms - -[0m
[0mGET /scripts/jquery.min.js [36m304 [0m0.381 ms - -[0m
[0mGET /css/custom.css [36m304 [0m0.364 ms - -[0m
[0mGET /jqwidgets/jqxcore.js [36m304 [0m3.655 ms - -[0m
[0mGET /jqwidgets/jqxdata.js [36m304 [0m0.872 ms - -[0m
[0mGET /jqwidgets/jqxbuttons.js [36m304 [0m0.441 ms - -[0m
[0mGET /jqwidgets/jqxscrollbar.js [36m304 [0m0.340 ms - -[0m
[0mGET /jqwidgets/jqxmenu.js [36m304 [0m0.283 ms - -[0m
[0mGET /jqwidgets/jqxlistbox.js [36m304 [0m0.286 ms - -[0m
[0mGET /jqwidgets/jqxdropdownlist.js [36m304 [0m0.346 ms - -[0m
[0mGET /jqwidgets/jqxtree.js [36m304 [0m0.346 ms - -[0m
[0mGET /jqwidgets/jqxgrid.js [36m304 [0m0.359 ms - -[0m
[0mGET /jqwidgets/jqxgrid.selection.js [36m304 [0m0.354 ms - -[0m
[0mGET /jqwidgets/jqxgrid.columnsresize.js [36m304 [0m0.351 ms - -[0m
[0mGET /jqwidgets/jqxgrid.filter.js [36m304 [0m0.491 ms - -[0m
[0mGET /jqwidgets/jqxgrid.sort.js [36m304 [0m0.396 ms - -[0m
[0mGET /jqwidgets/jqxgrid.pager.js [36m304 [0m0.354 ms - -[0m
[0mGET /jqwidgets/jqxgrid.grouping.js [36m304 [0m0.637 ms - -[0m
[0mGET /jqwidgets/jqxcheckbox.js [36m304 [0m0.758 ms - -[0m
[0mGET /jqwidgets/jqxradiobutton.js [36m304 [0m1.603 ms - -[0m
[0mGET /jqwidgets/jqxdatetimeinput.js [36m304 [0m0.405 ms - -[0m
[0mGET /jqwidgets/jqxtextarea.js [36m304 [0m0.381 ms - -[0m
[0mGET /jqwidgets/jqxcalendar.js [36m304 [0m3.326 ms - -[0m
[0mGET /jqwidgets/globalization/globalize.js [36m304 [0m0.568 ms - -[0m
[0mGET /jqwidgets/jqxpanel.js [36m304 [0m0.289 ms - -[0m
[0mGET /jqwidgets/jqxdropdownbutton.js [36m304 [0m0.353 ms - -[0m
[0mGET /jqwidgets/jqxcolorpicker.js [36m304 [0m0.377 ms - -[0m
[0mGET /jqwidgets/jqxwindow.js [36m304 [0m0.347 ms - -[0m
[0mGET /jqwidgets/jqxpopover.js [36m304 [0m0.359 ms - -[0m
[0mGET /jqwidgets/jqxeditor.js [36m304 [0m0.368 ms - -[0m
[0mGET /jqwidgets/jqxtooltip.js [36m304 [0m0.397 ms - -[0m
[0mGET /jqwidgets/jqxlayout.js [36m304 [0m0.371 ms - -[0m
[0mGET /jqwidgets/jqxribbon.js [36m304 [0m0.327 ms - -[0m
[0mGET /jqwidgets/jqxmaskedinput.js [36m304 [0m0.705 ms - -[0m
[0mGET /jqwidgets/jqxinput.js [36m304 [0m0.700 ms - -[0m
[0mGET /jqwidgets/jqxdatatable.js [36m304 [0m0.364 ms - -[0m
[0mGET /jqwidgets/jqxtreegrid.js [36m304 [0m0.275 ms - -[0m
[0mGET /jqwidgets/jqxfileupload.js [36m304 [0m0.608 ms - -[0m
[0mGET /scripts/index.js [36m304 [0m0.417 ms - -[0m
[0mGET /scripts/getdata.js [36m304 [0m0.403 ms - -[0m
[0mGET /scripts/msgframe.js [36m304 [0m0.362 ms - -[0m
[0mGET /scripts/members.js [36m304 [0m0.361 ms - -[0m
[0mGET /scripts/missions.js [36m304 [0m0.360 ms - -[0m
[0mGET /jqfileupload/vendor/jquery.ui.widget.js [36m304 [0m0.338 ms - -[0m
[0mGET /jqfileupload/jquery.iframe-transport.js [36m304 [0m0.357 ms - -[0m
[0mGET /jqfileupload/jquery.fileupload.js [36m304 [0m0.331 ms - -[0m
[0mGET /images/help.png [36m304 [0m0.378 ms - -[0m
[0mPOST /members [32m200 [0m2.788 ms - 524[0m
[0mPOST /users [32m200 [0m1.616 ms - 473[0m
[0mGET /css/images/image_upload.png [36m304 [0m0.451 ms - -[0m
[0mGET /css/images/file_upload.png [36m304 [0m0.328 ms - -[0m
[0mGET /css/images/search_lg.png [36m304 [0m0.405 ms - -[0m
[0mPOST /rooms/myrooms [32m200 [0m2.692 ms - 1019[0m
[0mPOST /rooms/attendrooms [32m200 [0m4.984 ms - 90[0m
[0mPOST /attachments [32m200 [0m2.906 ms - 199[0m
[0mPOST /messages/recent [32m200 [0m2.407 ms - 2[0m
